2015/12/02 20:01:23.586  3311 2841884480 gX0   Logger started.
2015/12/02 20:01:23.587  3311 2841884480 gX0   Found 0 core dump files ...
2015/12/02 20:01:23.588  3311 2841884480 gX0   systemd: logind service available
2015/12/02 20:01:23.588  3311 2841884480 gX0   systemd: New seat seat0 [path=/org/freedesktop/login1/seat/seat0, activeSession='2', canGraphical=0, canTTY=1, canMultiSession=1]
2015/12/02 20:01:23.589  3311 2841884480 gX0   SystemdSessionInfo: New session SystemdSessionInfo [id=1 user=slax0r state=user active=0 reliable=1 infoId=0] [path=/org/freedesktop/login1/session/_31 TTY= seat=seat0 display=:0 vtnr=7 owner=[SysUser_Lin: slax0r [uid=1000, gid=1000 home=/home/slax0r gecos=Tomaz Lovrec,,, shell=/bin/bash]] idle=0(0) active=0 type=x11 class=user state=closing timestamp=1449082597052640 service=lightdm defaultCG= leader=1342 audit=1 remote=0 rHost= rUser= killProc=0]
2015/12/02 20:01:23.589  3311 2841884480 gX0   SystemdSessionInfo: New session SystemdSessionInfo [id=c3 user=lightdm state=greeter active=0 reliable=1 infoId=1] [path=/org/freedesktop/login1/session/c3 TTY= seat=seat0 display=:0 vtnr=7 owner=[SysUser_Lin: lightdm [uid=115, gid=123 home=/var/lib/lightdm gecos=Light Display Manager shell=/bin/false]] idle=0(0) active=0 type=x11 class=greeter state=closing timestamp=1449082875772150 service=lightdm-greeter defaultCG= leader=2900 audit=0 remote=0 rHost= rUser= killProc=0]
2015/12/02 20:01:23.589  3311 2841884480 gX0   SystemdSessionInfo: New session SystemdSessionInfo [id=2 user=slax0r state=user active=1 reliable=1 infoId=2] [path=/org/freedesktop/login1/session/_32 TTY= seat=seat0 display=:0 vtnr=7 owner=[SysUser_Lin: slax0r [uid=1000, gid=1000 home=/home/slax0r gecos=Tomaz Lovrec,,, shell=/bin/bash]] idle=0(0) active=1 type=x11 class=user state=active timestamp=1449082880852467 service=lightdm defaultCG= leader=2926 audit=2 remote=0 rHost= rUser= killProc=0]
2015/12/02 20:01:23.589  3311 2841884480 gX0   Session Information provided by systemd
2015/12/02 20:01:23.589  3311 2841884480 gX0   XSocket observer: watching /tmp/.X11-unix
2015/12/02 20:01:23.589  3311 2841884480 gX0   XSocket observer: adding XSession: 0
2015/12/02 20:01:23.593  3311 2841884480 gX0   Initialised XFixes extension (base=87 error=140)
2015/12/02 20:01:23.593  3311 2841884480 gX0   TVGuiSlave.64: Running
2015/12/02 20:01:23.597  3314 4126070528 QX0   Logger started.
2015/12/02 20:01:23.597  3314 4126070528 QX0   Found 0 core dump files ...
2015/12/02 20:01:23.598  3314 4126070528 QX0   systemd: logind service available
2015/12/02 20:01:23.599  3314 4126070528 QX0   systemd: New seat seat0 [path=/org/freedesktop/login1/seat/seat0, activeSession='2', canGraphical=0, canTTY=1, canMultiSession=1]
2015/12/02 20:01:23.600  3314 4126070528 QX0   SystemdSessionInfo: New session SystemdSessionInfo [id=1 user=slax0r state=user active=0 reliable=1 infoId=0] [path=/org/freedesktop/login1/session/_31 TTY= seat=seat0 display=:0 vtnr=7 owner=[SysUser_Lin: slax0r [uid=1000, gid=1000 home=/home/slax0r gecos=Tomaz Lovrec,,, shell=/bin/bash]] idle=0(0) active=0 type=x11 class=user state=closing timestamp=1449082597052640 service=lightdm defaultCG= leader=1342 audit=1 remote=0 rHost= rUser= killProc=0]
2015/12/02 20:01:23.600  3314 4126070528 QX0   SystemdSessionInfo: New session SystemdSessionInfo [id=c3 user=lightdm state=greeter active=0 reliable=1 infoId=1] [path=/org/freedesktop/login1/session/c3 TTY= seat=seat0 display=:0 vtnr=7 owner=[SysUser_Lin: lightdm [uid=115, gid=123 home=/var/lib/lightdm gecos=Light Display Manager shell=/bin/false]] idle=0(0) active=0 type=x11 class=greeter state=closing timestamp=1449082875772150 service=lightdm-greeter defaultCG= leader=2900 audit=0 remote=0 rHost= rUser= killProc=0]
2015/12/02 20:01:23.600  3314 4126070528 QX0   SystemdSessionInfo: New session SystemdSessionInfo [id=2 user=slax0r state=user active=1 reliable=1 infoId=2] [path=/org/freedesktop/login1/session/_32 TTY= seat=seat0 display=:0 vtnr=7 owner=[SysUser_Lin: slax0r [uid=1000, gid=1000 home=/home/slax0r gecos=Tomaz Lovrec,,, shell=/bin/bash]] idle=0(0) active=1 type=x11 class=user state=active timestamp=1449082880852467 service=lightdm defaultCG= leader=2926 audit=2 remote=0 rHost= rUser= killProc=0]
2015/12/02 20:01:23.601  3314 4126070528 QX0   Session Information provided by systemd
2015/12/02 20:01:23.601  3314 4126070528 QX0   XSocket observer: watching /tmp/.X11-unix
2015/12/02 20:01:23.601  3314 4126070528 QX0   XSocket observer: adding XSession: 0
2015/12/02 20:01:23.604  3314 4126070528 QX0   TVGuiDelegate: Running
2015/12/02 20:01:23.280    31    44 GX0   Logger started.
2015/12/02 20:01:23.319    31    44 GX0!! SetProcessStartupOptions(): SetProcessDEPPolicy() failed! LE=120, Errorcode=12180
2015/12/02 20:01:23.577    31    44 GX0   TVW X ErrorHandler org 7e6d4af0, def 7e544880 cur 7d80b8d7
2015/12/02 20:01:23.580    31    44 GX0   Wine: Wine DLL initialized
2015/12/02 20:01:23.580    31    44 GX0   Wine: wine-1.6

2015/12/02 20:01:23.581    31    44 GX0   TVW SID0: SpawnSlave: pid 0
2015/12/02 20:01:23.583    31    44 GX0   TVW SID0: SpawnSlave: loading TVGuiSlave.64
2015/12/02 20:01:23.587    31    44 GX0   TVW ObserveFork: OK
2015/12/02 20:01:23.587    31    44 GX0   Wine: Spawned slave process with type 0
2015/12/02 20:01:23.588    31    44 GX0   TVW SID1: SpawnSlave: pid 0
2015/12/02 20:01:23.590    31    44 GX0   TVW SID1: SpawnSlave: loading TVGuiDelegate
2015/12/02 20:01:23.597    31    44 GX0   TVW ObserveFork: OK
2015/12/02 20:01:23.597    31    44 GX0   Wine: Spawned slave process with type 1
2015/12/02 20:01:23.598    31    44 GX0   Starting GUI master for slave type 0
2015/12/02 20:01:23.598    31    44 GX0   Starting GUI master for slave type 1
2015/12/02 20:01:23.598    31    44 GX0   Slave connected to GUI master
2015/12/02 20:01:23.599    31    44 GX0   InterProcessBase::SecureNetwork created
2015/12/02 20:01:23.604    31    44 GX0   Slave connected to GUI master
2015/12/02 20:01:23.633    31    44 GX0   Monitors: X11 Windowing System, \\.\DISPLAY1, 1920x1080 (0,0), flags=21, dpi=96
                    
                    
                    
Start:              2015/12/02 20:01:23.668 (UTC+1:00)
Version:            10.0.46203 Dev 
ID:                 0
Loglevel:           LogAll (0)
License:            0
Server:             master3.teamviewer.com
IC:                 0
CPU:                x86 Family 21 Model 2 Stepping 0, GenuineIntel
CPU extensions:     g9
OS:                 Lx Debian 8 (jessie) (32-bit)
IP:                 192.168.1.18
Proxy-Settings:     Type=0 IP= User=
AppPath:            C:\TeamViewer\TeamViewer.exe
UserAccount:        slax0r

2015/12/02 20:01:23.711    31    44 GX0   CMain::LoadResourceDLLs(): No custom resource dll found
2015/12/02 20:01:23.713    31    44 GX0   Win32_GUI::FontReallyExists: 'Segoe UI' found 0 matches.
2015/12/02 20:01:23.713    31    44 GX0   Win32_GUI::FontReallyExists: 'Liberation Sans' found 4 matches.
2015/12/02 20:01:23.718    31    44 GX0   InterProcessBase::StartTcpCommunicationInternal(): setting m_NetworkConnector to new TCP connector
2015/12/02 20:01:23.718    31    44 GX0   Opening local TCP connection to 127.0.0.1:5939
2015/12/02 20:01:23.718    31    44 GX0   Local TCP connection established
2015/12/02 20:01:23.718    31    44 GX0   Process ID:  L 3072 /  W 31
2015/12/02 20:01:23.800    31    44 GX0   MachineID m=0 - 1
2015/12/02 20:01:23.801    31    44 GX0   SettingsIPCReception receive a SYNCHRONISE Settings command : UserSettings
2015/12/02 20:01:23.801    31    44 GX0   Received Control_InitIPC_Response processtype=1
2015/12/02 20:01:23.801    31    44 GX0   Received Control_InitIPC_Response runningProcesses=3
2015/12/02 20:01:23.802    31    44 GX0   Control_InitIPC_Response: all processes 3 completely initialized
2015/12/02 20:01:23.829    31    44 GX0   ProxySearch: no PAC script detected via WPAD
2015/12/02 20:01:23.854    31    44 GX0   ProxySearch: no PAC script detected via WPAD
2015/12/02 20:01:43.822    31    32 GX0   WineWaitForTray: Slept 19980ms
2015/12/02 20:01:43.822  3311 2744841984 gX0   Audio: PulseAudio enabled
2015/12/02 20:01:43.823  3311 2736449280 gX0   PulseAudio: Connected to server 'unix:/run/user/1000/pulse/native' (protocol version 29, library version 5.0.0
2015/12/02 20:01:43.824  3311 2744841984 gX0   PulseAudio: Connection established
2015/12/02 20:01:43.824  3311 2736449280 gX0   PulseAudio: Exit main loop (0), err=-2
2015/12/02 20:01:43.828    31    32 GX0   InterProcessBase::SecureNetworkCallbackHandle created (RegistrationID: cd9d7f5a-f477-498b-88a4-5440c1d2c61a)
2015/12/02 20:01:43.828    31    32 GX0!! GetSimpleDisplayCertNameFromFile: File 'C:\TeamViewer\tv_w32.dll' does not exist., Errorcode=2
2015/12/02 20:01:43.828    31    32 GX0!! VerifyTeamViewerSignature() : WinVerifyTrust failed, result=2, Errorcode=2
2015/12/02 20:01:43.828    31    32 GX0!! MachineHooks: Library not found, Errorcode=2
2015/12/02 20:01:43.832    31    32 GX0   TVUpdate::Init() Version-URL: download.teamviewer.com/download/update/ Update-URL: download.teamviewer.com/download/update/
2015/12/02 20:01:43.832    31    32 GX0   CMain::ShowIntroScreen()::Show Intro Screen
2015/12/02 20:01:43.908  3311 2841884480 gX0   XSM: Initialised X Session Management (xfce4-session, 4.10.1) [10]
2015/12/02 20:01:48.833    31    42 GX0!  IntroScreen::CloseOnError(): startedViaMenuItem=0, current state=7
2015/12/02 20:01:48.833    31    42 GX0   Account::TryAutoLogin: enabled: 0
2015/12/02 20:01:53.827    31    46 GX0!! WorkingProxy::Listener::WorkingProxyResultHandler failed: 1
2015/12/02 20:01:53.827    31    46 GX0!  WorkingProxy::Listener::WorkingProxyResultHandler: setting default value ProxyType::Undefined
2015/12/02 20:01:53.827    31    46 GX0!! WorkingProxy::Listener::WorkingProxyResultHandler failed: 1
2015/12/02 20:01:53.827    31    46 GX0!  WorkingProxy::Listener::WorkingProxyResultHandler: setting default value ProxyType::Undefined
2015/12/02 20:01:53.828    31    46 GX0!! WorkingProxy::Listener::WorkingProxyResultHandler failed: 1
2015/12/02 20:01:53.828    31    46 GX0!  WorkingProxy::Listener::WorkingProxyResultHandler: setting default value ProxyType::Undefined
2015/12/02 20:01:53.828    31    46 GX0   Timeout for master message.
